SMT Axioms:
[Rel-Fun for next]: (forall ((xn_0 UI_LinkedList__UI_T__)) (forall ((xn_2 UI_LinkedList__UI_T__)) (forall ((xn_4 UI_LinkedList__UI_T__)) (or (= xn_2 xn_4) (or (not (F_next____ xn_0 xn_4)) (not (F_next____ xn_0 xn_2)))))))

[Rel-Fun for chop]: (forall ((xn_0 UI_LinkedList__UI_T__)) (forall ((xn_2 UI_LinkedList__UI_T__)) (forall ((xn_4 UI_LinkedList__UI_T__)) (or (= xn_2 xn_4) (or (not (F_chop____ xn_0 xn_4)) (not (F_chop____ xn_0 xn_2)))))))

[Rel-Fun for data]: (forall ((xn_0 UI_LinkedList__UI_T__)) (forall ((xn_2 UI_T)) (forall ((xn_4 UI_T)) (or (= xn_2 xn_4) (or (not (F_data____ xn_0 xn_4)) (not (F_data____ xn_0 xn_2)))))))

[Rel-Fun for cons]: (forall ((xn_0 UI_T) (xn_1 UI_LinkedList__UI_T__)) (forall ((xn_3 UI_LinkedList__UI_T__)) (forall ((xn_5 UI_LinkedList__UI_T__)) (or (= xn_3 xn_5) (or (not (F_cons____ xn_0 xn_1 xn_5)) (not (F_cons____ xn_0 xn_1 xn_3)))))))

[Rel-Fun for append]: (forall ((xn_0 UI_LinkedList__UI_T__) (xn_1 UI_LinkedList__UI_T__)) (forall ((xn_3 UI_LinkedList__UI_T__)) (forall ((xn_5 UI_LinkedList__UI_T__)) (or (= xn_3 xn_5) (or (not (F_append____ xn_0 xn_1 xn_5)) (not (F_append____ xn_0 xn_1 xn_3)))))))

(forall ((x_x UI_LinkedList__UI_T__) (x_y UI_LinkedList__UI_T__)) (forall ((xn_14 UI_LinkedList__UI_T__)) (forall ((xn_15 UI_LinkedList__UI_T__)) (or (or (or (= xn_15 xn_14) (distinct x_x x_y)) (not (F_chop____ x_y xn_14))) (not (F_chop____ x_x xn_15))))))

(forall ((x_a UI_LinkedList__UI_T__) (x_b UI_LinkedList__UI_T__)) (or (distinct x_a x_b) (= x_a x_b)))

(forall ((x_a UI_LinkedList__UI_T__)) (forall ((xn_3 UI_LinkedList__UI_T__)) (or true (not (F_next____ x_a xn_3)))))

(forall ((x_a UI_LinkedList__UI_T__)) (forall ((xn_3 UI_T)) (or true (not (F_data____ x_a xn_3)))))

(forall ((x_a UI_T) (x_y UI_LinkedList__UI_T__)) (forall ((xn_26 UI_LinkedList__UI_T__)) (forall ((xn_27 UI_LinkedList__UI_T__)) (forall ((xn_28 UI_LinkedList__UI_T__)) (forall ((xn_35 UI_LinkedList__UI_T__)) (forall ((xn_36 UI_LinkedList__UI_T__)) (forall ((xn_37 UI_T)) (or (or (or (or (or (or (and (= xn_37 x_a) (= xn_28 x_y)) (not (F_cons____ x_a F_NIL____ xn_26))) (not (F_append____ xn_26 x_y xn_27))) (not (F_next____ xn_27 xn_28))) (not (F_cons____ x_a F_NIL____ xn_35))) (not (F_append____ xn_35 x_y xn_36))) (not (F_data____ xn_36 xn_37))))))))))

(forall ((x_a UI_T) (x_b UI_T) (x_x UI_LinkedList__UI_T__) (x_y UI_LinkedList__UI_T__)) (forall ((xn_22 UI_LinkedList__UI_T__)) (forall ((xn_23 UI_LinkedList__UI_T__)) (or (or (or (= xn_23 xn_22) (or (distinct x_x x_y) (distinct x_a x_b))) (not (F_cons____ x_b x_y xn_22))) (not (F_cons____ x_a x_x xn_23))))))

(forall ((x_a UI_T) (x_x UI_LinkedList__UI_T__)) (forall ((xn_9 UI_LinkedList__UI_T__)) (forall ((xn_10 UI_T)) (or (or (= xn_10 x_a) (not (F_cons____ x_a x_x xn_9))) (not (F_data____ xn_9 xn_10))))))

(and (forall ((x_a UI_T) (x_x UI_LinkedList__UI_T__) (x_y UI_LinkedList__UI_T__)) (forall ((xn_68 UI_T)) (forall ((xn_69 UI_LinkedList__UI_T__)) (forall ((xn_76 UI_LinkedList__UI_T__)) (forall ((xn_91 UI_LinkedList__UI_T__)) (forall ((xn_98 UI_T)) (forall ((xn_99 UI_LinkedList__UI_T__)) (or (or (or (or (or (or (and (or (= xn_91 x_y) (or (distinct x_x xn_99) (distinct x_a xn_98))) (or (and (= x_x xn_69) (= x_a xn_68)) (distinct xn_76 x_y))) (not (F_data____ x_y xn_68))) (not (F_next____ x_y xn_69))) (not (F_cons____ x_a x_x xn_76))) (not (F_cons____ x_a x_x xn_91))) (not (F_data____ x_y xn_98))) (not (F_next____ x_y xn_99)))))))))) (forall ((x_a UI_T) (x_x UI_LinkedList__UI_T__)) (forall ((xn_60 UI_LinkedList__UI_T__)) (forall ((xn_61 UI_LinkedList__UI_T__)) (or (or (= xn_61 x_x) (not (F_cons____ x_a x_x xn_60))) (not (F_next____ xn_60 xn_61)))))))

(forall ((x_x UI_LinkedList__UI_T__) (x_y UI_LinkedList__UI_T__)) (forall ((xn_50 UI_T)) (forall ((xn_51 UI_T)) (forall ((xn_52 UI_LinkedList__UI_T__)) (forall ((xn_53 UI_LinkedList__UI_T__)) (forall ((xn_80 UI_T)) (forall ((xn_81 UI_T)) (forall ((xn_82 UI_LinkedList__UI_T__)) (forall ((xn_83 UI_LinkedList__UI_T__)) (or (or (or (or (or (or (or (or (and (or (= x_x x_y) (or (distinct xn_83 xn_82) (distinct xn_80 xn_81))) (or (and (= xn_53 xn_52) (= xn_50 xn_51)) (distinct x_x x_y))) (not (F_data____ x_x xn_50))) (not (F_data____ x_y xn_51))) (not (F_next____ x_y xn_52))) (not (F_next____ x_x xn_53))) (not (F_data____ x_x xn_80))) (not (F_data____ x_y xn_81))) (not (F_next____ x_y xn_82))) (not (F_next____ x_x xn_83))))))))))))

(forall ((x_x UI_LinkedList__UI_T__)) (forall ((xn_7 UI_LinkedList__UI_T__)) (or (= xn_7 x_x) (not (F_append____ x_x F_NIL____ xn_7)))))

(forall ((xn_5 UI_LinkedList__UI_T__)) (or (= xn_5 F_NIL____) (not (F_chop____ F_NIL____ xn_5))))

(forall ((x_x UI_LinkedList__UI_T__) (x_a UI_T) (x_b UI_T)) (forall ((xn_16 UI_LinkedList__UI_T__)) (forall ((xn_17 UI_LinkedList__UI_T__)) (or (or (or (= x_a x_b) (distinct xn_17 xn_16)) (not (F_cons____ x_b x_x xn_16))) (not (F_cons____ x_a x_x xn_17))))))

(forall ((xn_5 UI_LinkedList__UI_T__)) (or (= xn_5 F_NIL____) (not (F_next____ F_NIL____ xn_5))))

(forall ((x_x UI_LinkedList__UI_T__) (x_y UI_LinkedList__UI_T__) (x_t UI_T)) (forall ((xn_19 UI_LinkedList__UI_T__)) (forall ((xn_20 UI_LinkedList__UI_T__)) (forall ((xn_21 UI_LinkedList__UI_T__)) (forall ((xn_22 UI_LinkedList__UI_T__)) (forall ((xn_23 UI_LinkedList__UI_T__)) (or (or (or (or (or (= xn_23 xn_21) (not (F_cons____ x_t F_NIL____ xn_19))) (not (F_append____ x_x xn_19 xn_20))) (not (F_append____ xn_20 x_y xn_21))) (not (F_cons____ x_t x_y xn_22))) (not (F_append____ x_x xn_22 xn_23)))))))))

(forall ((x_l UI_LinkedList__UI_T__) (x_r UI_LinkedList__UI_T__) (x_t UI_T)) (forall ((xn_37 UI_LinkedList__UI_T__)) (forall ((xn_38 UI_LinkedList__UI_T__)) (forall ((xn_39 UI_LinkedList__UI_T__)) (forall ((xn_66 UI_LinkedList__UI_T__)) (forall ((xn_67 UI_LinkedList__UI_T__)) (or (or (or (or (or (and (or (= x_l x_r) (distinct xn_67 xn_66)) (or (= xn_39 xn_38) (distinct x_l x_r))) (not (F_cons____ x_t F_NIL____ xn_37))) (not (F_append____ x_r xn_37 xn_38))) (not (F_append____ x_l xn_37 xn_39))) (not (F_append____ x_r xn_37 xn_66))) (not (F_append____ x_l xn_37 xn_67)))))))))

[Rel-Fun for append]: (forall ((xn_0 UI_LinkedList__UI_T__) (xn_1 UI_LinkedList__UI_T__)) (forall ((xn_3 UI_LinkedList__UI_T__)) (forall ((xn_5 UI_LinkedList__UI_T__)) (or (= xn_3 xn_5) (or (not (F_append____ xn_0 xn_1 xn_5)) (not (F_append____ xn_0 xn_1 xn_3)))))))

[Rel-Fun for next]: (forall ((xn_0 UI_LinkedList__UI_T__)) (forall ((xn_2 UI_LinkedList__UI_T__)) (forall ((xn_4 UI_LinkedList__UI_T__)) (or (= xn_2 xn_4) (or (not (F_next____ xn_0 xn_4)) (not (F_next____ xn_0 xn_2)))))))

[Rel-Fun for chop]: (forall ((xn_0 UI_LinkedList__UI_T__)) (forall ((xn_2 UI_LinkedList__UI_T__)) (forall ((xn_4 UI_LinkedList__UI_T__)) (or (= xn_2 xn_4) (or (not (F_chop____ xn_0 xn_4)) (not (F_chop____ xn_0 xn_2)))))))

[Rel-Fun for data]: (forall ((xn_0 UI_LinkedList__UI_T__)) (forall ((xn_2 UI_T)) (forall ((xn_4 UI_T)) (or (= xn_2 xn_4) (or (not (F_data____ xn_0 xn_4)) (not (F_data____ xn_0 xn_2)))))))

[Rel-Fun for unappend]: (forall ((xn_0 UI_LinkedList__UI_T__) (xn_1 UI_LinkedList__UI_T__)) (forall ((xn_3 UI_LinkedList__UI_T__)) (forall ((xn_5 UI_LinkedList__UI_T__)) (or (= xn_3 xn_5) (or (not (F_unappend____ xn_0 xn_1 xn_5)) (not (F_unappend____ xn_0 xn_1 xn_3)))))))

[Rel-Fun for cons]: (forall ((xn_0 UI_T) (xn_1 UI_LinkedList__UI_T__)) (forall ((xn_3 UI_LinkedList__UI_T__)) (forall ((xn_5 UI_LinkedList__UI_T__)) (or (= xn_3 xn_5) (or (not (F_cons____ xn_0 xn_1 xn_5)) (not (F_cons____ xn_0 xn_1 xn_3)))))))

(forall ((x_x UI_LinkedList__UI_T__) (x_y UI_LinkedList__UI_T__)) (forall ((xn_14 UI_LinkedList__UI_T__)) (forall ((xn_15 UI_LinkedList__UI_T__)) (or (or (or (= xn_15 xn_14) (distinct x_x x_y)) (not (F_chop____ x_y xn_14))) (not (F_chop____ x_x xn_15))))))

(forall ((x_a UI_LinkedList__UI_T__) (x_b UI_LinkedList__UI_T__)) (or (distinct x_a x_b) (= x_a x_b)))

(forall ((x_a UI_LinkedList__UI_T__)) (forall ((xn_3 UI_LinkedList__UI_T__)) (or true (not (F_next____ x_a xn_3)))))

(forall ((x_a UI_LinkedList__UI_T__)) (forall ((xn_3 UI_T)) (or true (not (F_data____ x_a xn_3)))))

(forall ((x_a UI_T) (x_y UI_LinkedList__UI_T__)) (forall ((xn_26 UI_LinkedList__UI_T__)) (forall ((xn_27 UI_LinkedList__UI_T__)) (forall ((xn_28 UI_LinkedList__UI_T__)) (forall ((xn_35 UI_LinkedList__UI_T__)) (forall ((xn_36 UI_LinkedList__UI_T__)) (forall ((xn_37 UI_T)) (or (or (or (or (or (or (and (= xn_37 x_a) (= xn_28 x_y)) (not (F_cons____ x_a F_NIL____ xn_26))) (not (F_append____ xn_26 x_y xn_27))) (not (F_next____ xn_27 xn_28))) (not (F_cons____ x_a F_NIL____ xn_35))) (not (F_append____ xn_35 x_y xn_36))) (not (F_data____ xn_36 xn_37))))))))))

(forall ((x_a UI_T) (x_b UI_T) (x_x UI_LinkedList__UI_T__) (x_y UI_LinkedList__UI_T__)) (forall ((xn_22 UI_LinkedList__UI_T__)) (forall ((xn_23 UI_LinkedList__UI_T__)) (or (or (or (= xn_23 xn_22) (or (distinct x_x x_y) (distinct x_a x_b))) (not (F_cons____ x_b x_y xn_22))) (not (F_cons____ x_a x_x xn_23))))))

(forall ((x_a UI_T) (x_x UI_LinkedList__UI_T__)) (forall ((xn_9 UI_LinkedList__UI_T__)) (forall ((xn_10 UI_T)) (or (or (= xn_10 x_a) (not (F_cons____ x_a x_x xn_9))) (not (F_data____ xn_9 xn_10))))))

(and (forall ((x_a UI_T) (x_x UI_LinkedList__UI_T__) (x_y UI_LinkedList__UI_T__)) (forall ((xn_68 UI_T)) (forall ((xn_69 UI_LinkedList__UI_T__)) (forall ((xn_76 UI_LinkedList__UI_T__)) (forall ((xn_91 UI_LinkedList__UI_T__)) (forall ((xn_98 UI_T)) (forall ((xn_99 UI_LinkedList__UI_T__)) (or (or (or (or (or (or (and (or (= xn_91 x_y) (or (distinct x_x xn_99) (distinct x_a xn_98))) (or (and (= x_x xn_69) (= x_a xn_68)) (distinct xn_76 x_y))) (not (F_data____ x_y xn_68))) (not (F_next____ x_y xn_69))) (not (F_cons____ x_a x_x xn_76))) (not (F_cons____ x_a x_x xn_91))) (not (F_data____ x_y xn_98))) (not (F_next____ x_y xn_99)))))))))) (forall ((x_a UI_T) (x_x UI_LinkedList__UI_T__)) (forall ((xn_60 UI_LinkedList__UI_T__)) (forall ((xn_61 UI_LinkedList__UI_T__)) (or (or (= xn_61 x_x) (not (F_cons____ x_a x_x xn_60))) (not (F_next____ xn_60 xn_61)))))))

(forall ((x_x UI_LinkedList__UI_T__) (x_y UI_LinkedList__UI_T__)) (forall ((xn_50 UI_T)) (forall ((xn_51 UI_T)) (forall ((xn_52 UI_LinkedList__UI_T__)) (forall ((xn_53 UI_LinkedList__UI_T__)) (forall ((xn_80 UI_T)) (forall ((xn_81 UI_T)) (forall ((xn_82 UI_LinkedList__UI_T__)) (forall ((xn_83 UI_LinkedList__UI_T__)) (or (or (or (or (or (or (or (or (and (or (= x_x x_y) (or (distinct xn_83 xn_82) (distinct xn_80 xn_81))) (or (and (= xn_53 xn_52) (= xn_50 xn_51)) (distinct x_x x_y))) (not (F_data____ x_x xn_50))) (not (F_data____ x_y xn_51))) (not (F_next____ x_y xn_52))) (not (F_next____ x_x xn_53))) (not (F_data____ x_x xn_80))) (not (F_data____ x_y xn_81))) (not (F_next____ x_y xn_82))) (not (F_next____ x_x xn_83))))))))))))

(forall ((x_x UI_LinkedList__UI_T__)) (forall ((xn_7 UI_LinkedList__UI_T__)) (or (= xn_7 x_x) (not (F_append____ x_x F_NIL____ xn_7)))))

(forall ((xn_5 UI_LinkedList__UI_T__)) (or (= xn_5 F_NIL____) (not (F_chop____ F_NIL____ xn_5))))

(forall ((x_x UI_LinkedList__UI_T__) (x_a UI_T) (x_b UI_T)) (forall ((xn_16 UI_LinkedList__UI_T__)) (forall ((xn_17 UI_LinkedList__UI_T__)) (or (or (or (= x_a x_b) (distinct xn_17 xn_16)) (not (F_cons____ x_b x_x xn_16))) (not (F_cons____ x_a x_x xn_17))))))

(forall ((xn_5 UI_LinkedList__UI_T__)) (or (= xn_5 F_NIL____) (not (F_next____ F_NIL____ xn_5))))

(forall ((x_x UI_LinkedList__UI_T__) (x_y UI_LinkedList__UI_T__) (x_t UI_T)) (forall ((xn_19 UI_LinkedList__UI_T__)) (forall ((xn_20 UI_LinkedList__UI_T__)) (forall ((xn_21 UI_LinkedList__UI_T__)) (forall ((xn_22 UI_LinkedList__UI_T__)) (forall ((xn_23 UI_LinkedList__UI_T__)) (or (or (or (or (or (= xn_23 xn_21) (not (F_cons____ x_t F_NIL____ xn_19))) (not (F_append____ x_x xn_19 xn_20))) (not (F_append____ xn_20 x_y xn_21))) (not (F_cons____ x_t x_y xn_22))) (not (F_append____ x_x xn_22 xn_23)))))))))

(forall ((x_l UI_LinkedList__UI_T__) (x_r UI_LinkedList__UI_T__) (x_t UI_T)) (forall ((xn_37 UI_LinkedList__UI_T__)) (forall ((xn_38 UI_LinkedList__UI_T__)) (forall ((xn_39 UI_LinkedList__UI_T__)) (forall ((xn_66 UI_LinkedList__UI_T__)) (forall ((xn_67 UI_LinkedList__UI_T__)) (or (or (or (or (or (and (or (= x_l x_r) (distinct xn_67 xn_66)) (or (= xn_39 xn_38) (distinct x_l x_r))) (not (F_cons____ x_t F_NIL____ xn_37))) (not (F_append____ x_r xn_37 xn_38))) (not (F_append____ x_l xn_37 xn_39))) (not (F_append____ x_r xn_37 xn_66))) (not (F_append____ x_l xn_37 xn_67)))))))))

[Rel-Fun for unappend]: (forall ((xn_0 UI_LinkedList__UI_T__) (xn_1 UI_LinkedList__UI_T__)) (forall ((xn_3 UI_LinkedList__UI_T__)) (forall ((xn_5 UI_LinkedList__UI_T__)) (or (= xn_3 xn_5) (or (not (F_unappend____ xn_0 xn_1 xn_5)) (not (F_unappend____ xn_0 xn_1 xn_3)))))))

[Rel-Fun for next]: (forall ((xn_0 UI_LinkedList__UI_T__)) (forall ((xn_2 UI_LinkedList__UI_T__)) (forall ((xn_4 UI_LinkedList__UI_T__)) (or (= xn_2 xn_4) (or (not (F_next____ xn_0 xn_4)) (not (F_next____ xn_0 xn_2)))))))

[Rel-Fun for append]: (forall ((xn_0 UI_LinkedList__UI_T__) (xn_1 UI_LinkedList__UI_T__)) (forall ((xn_3 UI_LinkedList__UI_T__)) (forall ((xn_5 UI_LinkedList__UI_T__)) (or (= xn_3 xn_5) (or (not (F_append____ xn_0 xn_1 xn_5)) (not (F_append____ xn_0 xn_1 xn_3)))))))

[Rel-Fun for chop]: (forall ((xn_0 UI_LinkedList__UI_T__)) (forall ((xn_2 UI_LinkedList__UI_T__)) (forall ((xn_4 UI_LinkedList__UI_T__)) (or (= xn_2 xn_4) (or (not (F_chop____ xn_0 xn_4)) (not (F_chop____ xn_0 xn_2)))))))

[Rel-Fun for data]: (forall ((xn_0 UI_LinkedList__UI_T__)) (forall ((xn_2 UI_T)) (forall ((xn_4 UI_T)) (or (= xn_2 xn_4) (or (not (F_data____ xn_0 xn_4)) (not (F_data____ xn_0 xn_2)))))))

[Rel-Fun for cons]: (forall ((xn_0 UI_T) (xn_1 UI_LinkedList__UI_T__)) (forall ((xn_3 UI_LinkedList__UI_T__)) (forall ((xn_5 UI_LinkedList__UI_T__)) (or (= xn_3 xn_5) (or (not (F_cons____ xn_0 xn_1 xn_5)) (not (F_cons____ xn_0 xn_1 xn_3)))))))

(forall ((x_x UI_LinkedList__UI_T__) (x_y UI_LinkedList__UI_T__)) (forall ((xn_14 UI_LinkedList__UI_T__)) (forall ((xn_15 UI_LinkedList__UI_T__)) (or (or (or (= xn_15 xn_14) (distinct x_x x_y)) (not (F_chop____ x_y xn_14))) (not (F_chop____ x_x xn_15))))))

(forall ((x_a UI_LinkedList__UI_T__) (x_b UI_LinkedList__UI_T__)) (or (distinct x_a x_b) (= x_a x_b)))

(forall ((x_a UI_LinkedList__UI_T__)) (forall ((xn_3 UI_LinkedList__UI_T__)) (or true (not (F_next____ x_a xn_3)))))

(forall ((x_a UI_LinkedList__UI_T__)) (forall ((xn_3 UI_T)) (or true (not (F_data____ x_a xn_3)))))

(forall ((x_a UI_T) (x_y UI_LinkedList__UI_T__)) (forall ((xn_26 UI_LinkedList__UI_T__)) (forall ((xn_27 UI_LinkedList__UI_T__)) (forall ((xn_28 UI_LinkedList__UI_T__)) (forall ((xn_35 UI_LinkedList__UI_T__)) (forall ((xn_36 UI_LinkedList__UI_T__)) (forall ((xn_37 UI_T)) (or (or (or (or (or (or (and (= xn_37 x_a) (= xn_28 x_y)) (not (F_cons____ x_a F_NIL____ xn_26))) (not (F_append____ xn_26 x_y xn_27))) (not (F_next____ xn_27 xn_28))) (not (F_cons____ x_a F_NIL____ xn_35))) (not (F_append____ xn_35 x_y xn_36))) (not (F_data____ xn_36 xn_37))))))))))

(forall ((x_a UI_T) (x_b UI_T) (x_x UI_LinkedList__UI_T__) (x_y UI_LinkedList__UI_T__)) (forall ((xn_22 UI_LinkedList__UI_T__)) (forall ((xn_23 UI_LinkedList__UI_T__)) (or (or (or (= xn_23 xn_22) (or (distinct x_x x_y) (distinct x_a x_b))) (not (F_cons____ x_b x_y xn_22))) (not (F_cons____ x_a x_x xn_23))))))

(forall ((x_a UI_T) (x_x UI_LinkedList__UI_T__)) (forall ((xn_9 UI_LinkedList__UI_T__)) (forall ((xn_10 UI_T)) (or (or (= xn_10 x_a) (not (F_cons____ x_a x_x xn_9))) (not (F_data____ xn_9 xn_10))))))

(and (forall ((x_a UI_T) (x_x UI_LinkedList__UI_T__) (x_y UI_LinkedList__UI_T__)) (forall ((xn_68 UI_T)) (forall ((xn_69 UI_LinkedList__UI_T__)) (forall ((xn_76 UI_LinkedList__UI_T__)) (forall ((xn_91 UI_LinkedList__UI_T__)) (forall ((xn_98 UI_T)) (forall ((xn_99 UI_LinkedList__UI_T__)) (or (or (or (or (or (or (and (or (= xn_91 x_y) (or (distinct x_x xn_99) (distinct x_a xn_98))) (or (and (= x_x xn_69) (= x_a xn_68)) (distinct xn_76 x_y))) (not (F_data____ x_y xn_68))) (not (F_next____ x_y xn_69))) (not (F_cons____ x_a x_x xn_76))) (not (F_cons____ x_a x_x xn_91))) (not (F_data____ x_y xn_98))) (not (F_next____ x_y xn_99)))))))))) (forall ((x_a UI_T) (x_x UI_LinkedList__UI_T__)) (forall ((xn_60 UI_LinkedList__UI_T__)) (forall ((xn_61 UI_LinkedList__UI_T__)) (or (or (= xn_61 x_x) (not (F_cons____ x_a x_x xn_60))) (not (F_next____ xn_60 xn_61)))))))

(forall ((x_x UI_LinkedList__UI_T__) (x_y UI_LinkedList__UI_T__)) (forall ((xn_50 UI_T)) (forall ((xn_51 UI_T)) (forall ((xn_52 UI_LinkedList__UI_T__)) (forall ((xn_53 UI_LinkedList__UI_T__)) (forall ((xn_80 UI_T)) (forall ((xn_81 UI_T)) (forall ((xn_82 UI_LinkedList__UI_T__)) (forall ((xn_83 UI_LinkedList__UI_T__)) (or (or (or (or (or (or (or (or (and (or (= x_x x_y) (or (distinct xn_83 xn_82) (distinct xn_80 xn_81))) (or (and (= xn_53 xn_52) (= xn_50 xn_51)) (distinct x_x x_y))) (not (F_data____ x_x xn_50))) (not (F_data____ x_y xn_51))) (not (F_next____ x_y xn_52))) (not (F_next____ x_x xn_53))) (not (F_data____ x_x xn_80))) (not (F_data____ x_y xn_81))) (not (F_next____ x_y xn_82))) (not (F_next____ x_x xn_83))))))))))))

(forall ((x_x UI_LinkedList__UI_T__)) (forall ((xn_7 UI_LinkedList__UI_T__)) (or (= xn_7 x_x) (not (F_append____ x_x F_NIL____ xn_7)))))

(forall ((xn_5 UI_LinkedList__UI_T__)) (or (= xn_5 F_NIL____) (not (F_chop____ F_NIL____ xn_5))))

(forall ((x_x UI_LinkedList__UI_T__) (x_a UI_T) (x_b UI_T)) (forall ((xn_16 UI_LinkedList__UI_T__)) (forall ((xn_17 UI_LinkedList__UI_T__)) (or (or (or (= x_a x_b) (distinct xn_17 xn_16)) (not (F_cons____ x_b x_x xn_16))) (not (F_cons____ x_a x_x xn_17))))))

(forall ((xn_5 UI_LinkedList__UI_T__)) (or (= xn_5 F_NIL____) (not (F_next____ F_NIL____ xn_5))))

(forall ((x_x UI_LinkedList__UI_T__) (x_y UI_LinkedList__UI_T__) (x_t UI_T)) (forall ((xn_19 UI_LinkedList__UI_T__)) (forall ((xn_20 UI_LinkedList__UI_T__)) (forall ((xn_21 UI_LinkedList__UI_T__)) (forall ((xn_22 UI_LinkedList__UI_T__)) (forall ((xn_23 UI_LinkedList__UI_T__)) (or (or (or (or (or (= xn_23 xn_21) (not (F_cons____ x_t F_NIL____ xn_19))) (not (F_append____ x_x xn_19 xn_20))) (not (F_append____ xn_20 x_y xn_21))) (not (F_cons____ x_t x_y xn_22))) (not (F_append____ x_x xn_22 xn_23)))))))))

(forall ((x_l UI_LinkedList__UI_T__) (x_r UI_LinkedList__UI_T__) (x_t UI_T)) (forall ((xn_37 UI_LinkedList__UI_T__)) (forall ((xn_38 UI_LinkedList__UI_T__)) (forall ((xn_39 UI_LinkedList__UI_T__)) (forall ((xn_66 UI_LinkedList__UI_T__)) (forall ((xn_67 UI_LinkedList__UI_T__)) (or (or (or (or (or (and (or (= x_l x_r) (distinct xn_67 xn_66)) (or (= xn_39 xn_38) (distinct x_l x_r))) (not (F_cons____ x_t F_NIL____ xn_37))) (not (F_append____ x_r xn_37 xn_38))) (not (F_append____ x_l xn_37 xn_39))) (not (F_append____ x_r xn_37 xn_66))) (not (F_append____ x_l xn_37 xn_67)))))))))

[Rel-Fun for chop]: (forall ((xn_0 UI_LinkedList__UI_T__)) (forall ((xn_2 UI_LinkedList__UI_T__)) (forall ((xn_4 UI_LinkedList__UI_T__)) (or (= xn_2 xn_4) (or (not (F_chop____ xn_0 xn_4)) (not (F_chop____ xn_0 xn_2)))))))

[Rel-Fun for next]: (forall ((xn_0 UI_LinkedList__UI_T__)) (forall ((xn_2 UI_LinkedList__UI_T__)) (forall ((xn_4 UI_LinkedList__UI_T__)) (or (= xn_2 xn_4) (or (not (F_next____ xn_0 xn_4)) (not (F_next____ xn_0 xn_2)))))))

[Rel-Fun for append]: (forall ((xn_0 UI_LinkedList__UI_T__) (xn_1 UI_LinkedList__UI_T__)) (forall ((xn_3 UI_LinkedList__UI_T__)) (forall ((xn_5 UI_LinkedList__UI_T__)) (or (= xn_3 xn_5) (or (not (F_append____ xn_0 xn_1 xn_5)) (not (F_append____ xn_0 xn_1 xn_3)))))))

[Rel-Fun for cons]: (forall ((xn_0 UI_T) (xn_1 UI_LinkedList__UI_T__)) (forall ((xn_3 UI_LinkedList__UI_T__)) (forall ((xn_5 UI_LinkedList__UI_T__)) (or (= xn_3 xn_5) (or (not (F_cons____ xn_0 xn_1 xn_5)) (not (F_cons____ xn_0 xn_1 xn_3)))))))

[Rel-Fun for data]: (forall ((xn_0 UI_LinkedList__UI_T__)) (forall ((xn_2 UI_T)) (forall ((xn_4 UI_T)) (or (= xn_2 xn_4) (or (not (F_data____ xn_0 xn_4)) (not (F_data____ xn_0 xn_2)))))))

(forall ((x_x UI_LinkedList__UI_T__) (x_y UI_LinkedList__UI_T__)) (forall ((xn_14 UI_LinkedList__UI_T__)) (forall ((xn_15 UI_LinkedList__UI_T__)) (or (or (or (= xn_15 xn_14) (distinct x_x x_y)) (not (F_chop____ x_y xn_14))) (not (F_chop____ x_x xn_15))))))

(forall ((x_a UI_LinkedList__UI_T__) (x_b UI_LinkedList__UI_T__)) (or (distinct x_a x_b) (= x_a x_b)))

(forall ((x_a UI_LinkedList__UI_T__)) (forall ((xn_3 UI_LinkedList__UI_T__)) (or true (not (F_next____ x_a xn_3)))))

(forall ((x_a UI_LinkedList__UI_T__)) (forall ((xn_3 UI_T)) (or true (not (F_data____ x_a xn_3)))))

(forall ((x_a UI_T) (x_y UI_LinkedList__UI_T__)) (forall ((xn_26 UI_LinkedList__UI_T__)) (forall ((xn_27 UI_LinkedList__UI_T__)) (forall ((xn_28 UI_LinkedList__UI_T__)) (forall ((xn_35 UI_LinkedList__UI_T__)) (forall ((xn_36 UI_LinkedList__UI_T__)) (forall ((xn_37 UI_T)) (or (or (or (or (or (or (and (= xn_37 x_a) (= xn_28 x_y)) (not (F_cons____ x_a F_NIL____ xn_26))) (not (F_append____ xn_26 x_y xn_27))) (not (F_next____ xn_27 xn_28))) (not (F_cons____ x_a F_NIL____ xn_35))) (not (F_append____ xn_35 x_y xn_36))) (not (F_data____ xn_36 xn_37))))))))))

(forall ((x_a UI_T) (x_b UI_T) (x_x UI_LinkedList__UI_T__) (x_y UI_LinkedList__UI_T__)) (forall ((xn_22 UI_LinkedList__UI_T__)) (forall ((xn_23 UI_LinkedList__UI_T__)) (or (or (or (= xn_23 xn_22) (or (distinct x_x x_y) (distinct x_a x_b))) (not (F_cons____ x_b x_y xn_22))) (not (F_cons____ x_a x_x xn_23))))))

(forall ((x_a UI_T) (x_x UI_LinkedList__UI_T__)) (forall ((xn_9 UI_LinkedList__UI_T__)) (forall ((xn_10 UI_T)) (or (or (= xn_10 x_a) (not (F_cons____ x_a x_x xn_9))) (not (F_data____ xn_9 xn_10))))))

(and (forall ((x_a UI_T) (x_x UI_LinkedList__UI_T__) (x_y UI_LinkedList__UI_T__)) (forall ((xn_68 UI_T)) (forall ((xn_69 UI_LinkedList__UI_T__)) (forall ((xn_76 UI_LinkedList__UI_T__)) (forall ((xn_91 UI_LinkedList__UI_T__)) (forall ((xn_98 UI_T)) (forall ((xn_99 UI_LinkedList__UI_T__)) (or (or (or (or (or (or (and (or (= xn_91 x_y) (or (distinct x_x xn_99) (distinct x_a xn_98))) (or (and (= x_x xn_69) (= x_a xn_68)) (distinct xn_76 x_y))) (not (F_data____ x_y xn_68))) (not (F_next____ x_y xn_69))) (not (F_cons____ x_a x_x xn_76))) (not (F_cons____ x_a x_x xn_91))) (not (F_data____ x_y xn_98))) (not (F_next____ x_y xn_99)))))))))) (forall ((x_a UI_T) (x_x UI_LinkedList__UI_T__)) (forall ((xn_60 UI_LinkedList__UI_T__)) (forall ((xn_61 UI_LinkedList__UI_T__)) (or (or (= xn_61 x_x) (not (F_cons____ x_a x_x xn_60))) (not (F_next____ xn_60 xn_61)))))))

(forall ((x_x UI_LinkedList__UI_T__) (x_y UI_LinkedList__UI_T__)) (forall ((xn_50 UI_T)) (forall ((xn_51 UI_T)) (forall ((xn_52 UI_LinkedList__UI_T__)) (forall ((xn_53 UI_LinkedList__UI_T__)) (forall ((xn_80 UI_T)) (forall ((xn_81 UI_T)) (forall ((xn_82 UI_LinkedList__UI_T__)) (forall ((xn_83 UI_LinkedList__UI_T__)) (or (or (or (or (or (or (or (or (and (or (= x_x x_y) (or (distinct xn_83 xn_82) (distinct xn_80 xn_81))) (or (and (= xn_53 xn_52) (= xn_50 xn_51)) (distinct x_x x_y))) (not (F_data____ x_x xn_50))) (not (F_data____ x_y xn_51))) (not (F_next____ x_y xn_52))) (not (F_next____ x_x xn_53))) (not (F_data____ x_x xn_80))) (not (F_data____ x_y xn_81))) (not (F_next____ x_y xn_82))) (not (F_next____ x_x xn_83))))))))))))

(forall ((x_x UI_LinkedList__UI_T__)) (forall ((xn_7 UI_LinkedList__UI_T__)) (or (= xn_7 x_x) (not (F_append____ x_x F_NIL____ xn_7)))))

(forall ((xn_5 UI_LinkedList__UI_T__)) (or (= xn_5 F_NIL____) (not (F_chop____ F_NIL____ xn_5))))

(forall ((x_x UI_LinkedList__UI_T__) (x_a UI_T) (x_b UI_T)) (forall ((xn_16 UI_LinkedList__UI_T__)) (forall ((xn_17 UI_LinkedList__UI_T__)) (or (or (or (= x_a x_b) (distinct xn_17 xn_16)) (not (F_cons____ x_b x_x xn_16))) (not (F_cons____ x_a x_x xn_17))))))

(forall ((xn_5 UI_LinkedList__UI_T__)) (or (= xn_5 F_NIL____) (not (F_next____ F_NIL____ xn_5))))

(forall ((x_x UI_LinkedList__UI_T__) (x_y UI_LinkedList__UI_T__) (x_t UI_T)) (forall ((xn_19 UI_LinkedList__UI_T__)) (forall ((xn_20 UI_LinkedList__UI_T__)) (forall ((xn_21 UI_LinkedList__UI_T__)) (forall ((xn_22 UI_LinkedList__UI_T__)) (forall ((xn_23 UI_LinkedList__UI_T__)) (or (or (or (or (or (= xn_23 xn_21) (not (F_cons____ x_t F_NIL____ xn_19))) (not (F_append____ x_x xn_19 xn_20))) (not (F_append____ xn_20 x_y xn_21))) (not (F_cons____ x_t x_y xn_22))) (not (F_append____ x_x xn_22 xn_23)))))))))

(forall ((x_l UI_LinkedList__UI_T__) (x_r UI_LinkedList__UI_T__) (x_t UI_T)) (forall ((xn_37 UI_LinkedList__UI_T__)) (forall ((xn_38 UI_LinkedList__UI_T__)) (forall ((xn_39 UI_LinkedList__UI_T__)) (forall ((xn_66 UI_LinkedList__UI_T__)) (forall ((xn_67 UI_LinkedList__UI_T__)) (or (or (or (or (or (and (or (= x_l x_r) (distinct xn_67 xn_66)) (or (= xn_39 xn_38) (distinct x_l x_r))) (not (F_cons____ x_t F_NIL____ xn_37))) (not (F_append____ x_r xn_37 xn_38))) (not (F_append____ x_l xn_37 xn_39))) (not (F_append____ x_r xn_37 xn_66))) (not (F_append____ x_l xn_37 xn_67)))))))))

SMT:
(exists
  (
    (x_xs UI_LinkedList__UI_T__)
    (x_ys UI_LinkedList__UI_T__)
    (x_zs UI_LinkedList__UI_T__)
  )
  (exists
    (
      (xn_22 UI_LinkedList__UI_T__)
    )
    (exists
      (
        (xn_23
          UI_LinkedList__UI_T__
        )
      )
      (and
        (and
          (and
            (distinct x_xs x_ys)
            (= xn_23 xn_22)
          )
          (F_append____
            x_ys
            x_zs
            xn_22
          )
        )
        (F_append____
          x_xs
          x_zs
          xn_23
        )
      ))))
